2025-10-23 17:21:59,825 - __main__ - INFO - Starting GILDA Gunshot Detection System
2025-10-23 17:21:59,825 - __main__ - INFO - Python version: 3.13.7 (tags/v3.13.7:bcee1c3, Aug 14 2025, 14:15:11) [MSC v.1944 64 bit (AMD64)]
2025-10-23 17:21:59,826 - __main__ - INFO - Platform: win32
2025-10-23 17:22:00,026 - __main__ - INFO - Application initialized successfully
2025-10-23 17:22:00,027 - __main__ - INFO - Starting main application loop
2025-10-23 17:25:05,624 - root - ERROR - Fatal error: can't invoke "destroy" command: application has been destroyed
Traceback (most recent call last):
  File "C:\Users\devanshi\GILDAui\src\main.py", line 53, in main
    app.run()
    ~~~~~~~^^
  File "C:\Users\devanshi\GILDAui\src\app.py", line 120, in run
    self.on_closing()
    ~~~~~~~~~~~~~~~^^
  File "C:\Users\devanshi\GILDAui\src\app.py", line 109, in on_closing
    self.root.destroy()
    ~~~~~~~~~~~~~~~~~^^
  File "C:\Users\devanshi\AppData\Local\Programs\Python\Python313\Lib\tkinter\__init__.py", line 2509, in destroy
    self.tk.call('destroy', self._w)
    ~~~~~~~~~~~~^^^^^^^^^^^^^^^^^^^^
_tkinter.TclError: can't invoke "destroy" command: application has been destroyed
2025-10-23 17:25:05,637 - root - INFO - Application shutdown complete
2025-10-23 17:27:44,025 - __main__ - INFO - Starting GILDA Gunshot Detection System
2025-10-23 17:27:44,025 - __main__ - INFO - Python version: 3.13.7 (tags/v3.13.7:bcee1c3, Aug 14 2025, 14:15:11) [MSC v.1944 64 bit (AMD64)]
2025-10-23 17:27:44,025 - __main__ - INFO - Platform: win32
2025-10-23 17:27:44,911 - __main__ - INFO - Application initialized successfully
2025-10-23 17:27:44,912 - __main__ - INFO - Starting main application loop
2025-10-23 17:28:25,283 - root - ERROR - Fatal error: can't invoke "destroy" command: application has been destroyed
Traceback (most recent call last):
  File "C:\Users\devanshi\GILDAui\src\main.py", line 53, in main
    app.run()
    ~~~~~~~^^
  File "C:\Users\devanshi\GILDAui\src\app.py", line 120, in run
    self.on_closing()
    ~~~~~~~~~~~~~~~^^
  File "C:\Users\devanshi\GILDAui\src\app.py", line 109, in on_closing
    self.root.destroy()
    ~~~~~~~~~~~~~~~~~^^
  File "C:\Users\devanshi\AppData\Local\Programs\Python\Python313\Lib\tkinter\__init__.py", line 2509, in destroy
    self.tk.call('destroy', self._w)
    ~~~~~~~~~~~~^^^^^^^^^^^^^^^^^^^^
_tkinter.TclError: can't invoke "destroy" command: application has been destroyed
2025-10-23 17:28:25,304 - root - INFO - Application shutdown complete
2025-10-23 17:31:03,343 - __main__ - INFO - Starting GILDA Gunshot Detection System
2025-10-23 17:31:03,343 - __main__ - INFO - Python version: 3.13.7 (tags/v3.13.7:bcee1c3, Aug 14 2025, 14:15:11) [MSC v.1944 64 bit (AMD64)]
2025-10-23 17:31:03,344 - __main__ - INFO - Platform: win32
2025-10-23 17:31:04,032 - __main__ - INFO - Application initialized successfully
2025-10-23 17:31:04,032 - __main__ - INFO - Starting main application loop
2025-10-23 17:31:32,024 - root - ERROR - Fatal error: can't invoke "destroy" command: application has been destroyed
Traceback (most recent call last):
  File "C:\Users\devanshi\GILDAui\src\main.py", line 53, in main
    app.run()
    ~~~~~~~^^
  File "C:\Users\devanshi\GILDAui\src\app.py", line 120, in run
    self.on_closing()
    ~~~~~~~~~~~~~~~^^
  File "C:\Users\devanshi\GILDAui\src\app.py", line 109, in on_closing
    self.root.destroy()
    ~~~~~~~~~~~~~~~~~^^
  File "C:\Users\devanshi\AppData\Local\Programs\Python\Python313\Lib\tkinter\__init__.py", line 2509, in destroy
    self.tk.call('destroy', self._w)
    ~~~~~~~~~~~~^^^^^^^^^^^^^^^^^^^^
_tkinter.TclError: can't invoke "destroy" command: application has been destroyed
2025-10-23 17:31:32,043 - root - INFO - Application shutdown complete
2025-10-23 17:35:34,624 - __main__ - INFO - Starting GILDA Gunshot Detection System
2025-10-23 17:35:34,625 - __main__ - INFO - Python version: 3.13.7 (tags/v3.13.7:bcee1c3, Aug 14 2025, 14:15:11) [MSC v.1944 64 bit (AMD64)]
2025-10-23 17:35:34,626 - __main__ - INFO - Platform: win32
2025-10-23 17:35:35,450 - __main__ - INFO - Application initialized successfully
2025-10-23 17:35:35,450 - __main__ - INFO - Starting main application loop
2025-10-23 17:42:40,783 - root - ERROR - Fatal error: can't invoke "destroy" command: application has been destroyed
Traceback (most recent call last):
  File "C:\Users\devanshi\GILDAui\src\main.py", line 53, in main
    app.run()
    ~~~~~~~^^
  File "C:\Users\devanshi\GILDAui\src\app.py", line 120, in run
    self.on_closing()
    ~~~~~~~~~~~~~~~^^
  File "C:\Users\devanshi\GILDAui\src\app.py", line 109, in on_closing
    self.root.destroy()
    ~~~~~~~~~~~~~~~~~^^
  File "C:\Users\devanshi\AppData\Local\Programs\Python\Python313\Lib\tkinter\__init__.py", line 2509, in destroy
    self.tk.call('destroy', self._w)
    ~~~~~~~~~~~~^^^^^^^^^^^^^^^^^^^^
_tkinter.TclError: can't invoke "destroy" command: application has been destroyed
2025-10-23 17:42:40,801 - root - INFO - Application shutdown complete
2025-10-23 17:42:44,304 - __main__ - INFO - Starting GILDA Gunshot Detection System
2025-10-23 17:42:44,305 - __main__ - INFO - Python version: 3.13.7 (tags/v3.13.7:bcee1c3, Aug 14 2025, 14:15:11) [MSC v.1944 64 bit (AMD64)]
2025-10-23 17:42:44,305 - __main__ - INFO - Platform: win32
2025-10-23 17:42:45,127 - __main__ - INFO - Application initialized successfully
2025-10-23 17:42:45,127 - __main__ - INFO - Starting main application loop
2025-10-23 17:43:19,913 - root - ERROR - Fatal error: can't invoke "destroy" command: application has been destroyed
Traceback (most recent call last):
  File "C:\Users\devanshi\GILDAui\src\main.py", line 53, in main
    app.run()
    ~~~~~~~^^
  File "C:\Users\devanshi\GILDAui\src\app.py", line 120, in run
    self.on_closing()
    ~~~~~~~~~~~~~~~^^
  File "C:\Users\devanshi\GILDAui\src\app.py", line 109, in on_closing
    self.root.destroy()
    ~~~~~~~~~~~~~~~~~^^
  File "C:\Users\devanshi\AppData\Local\Programs\Python\Python313\Lib\tkinter\__init__.py", line 2509, in destroy
    self.tk.call('destroy', self._w)
    ~~~~~~~~~~~~^^^^^^^^^^^^^^^^^^^^
_tkinter.TclError: can't invoke "destroy" command: application has been destroyed
2025-10-23 17:43:19,935 - root - INFO - Application shutdown complete
